<?xml version="1.0" encoding="UTF-8"?>
<testsuite name="com.example.goormthon.GoormthonApplicationTests" tests="1" skipped="0" failures="0" errors="0" timestamp="2023-09-07T04:57:02" hostname="LDH" time="0.142">
  <properties/>
  <testcase name="contextLoads()" classname="com.example.goormthon.GoormthonApplicationTests" time="0.142"/>
  <system-out><![CDATA[13:56:55.014 [Test worker] DEBUG org.springframework.test.context.BootstrapUtils - Instantiating CacheAwareContextLoaderDelegate from class [org.springframework.test.context.cache.DefaultCacheAwareContextLoaderDelegate]
13:56:55.032 [Test worker] DEBUG org.springframework.test.context.BootstrapUtils - Instantiating BootstrapContext using constructor [public org.springframework.test.context.support.DefaultBootstrapContext(java.lang.Class,org.springframework.test.context.CacheAwareContextLoaderDelegate)]
13:56:55.075 [Test worker] DEBUG org.springframework.test.context.BootstrapUtils - Instantiating TestContextBootstrapper for test class [com.example.goormthon.GoormthonApplicationTests] from class [org.springframework.boot.test.context.SpringBootTestContextBootstrapper]
13:56:55.090 [Test worker] INFO org.springframework.boot.test.context.SpringBootTestContextBootstrapper - Neither @ContextConfiguration nor @ContextHierarchy found for test class [com.example.goormthon.GoormthonApplicationTests], using SpringBootContextLoader
13:56:55.095 [Test worker] DEBUG org.springframework.test.context.support.AbstractContextLoader - Did not detect default resource location for test class [com.example.goormthon.GoormthonApplicationTests]: class path resource [com/example/goormthon/GoormthonApplicationTests-context.xml] does not exist
13:56:55.097 [Test worker] DEBUG org.springframework.test.context.support.AbstractContextLoader - Did not detect default resource location for test class [com.example.goormthon.GoormthonApplicationTests]: class path resource [com/example/goormthon/GoormthonApplicationTestsContext.groovy] does not exist
13:56:55.097 [Test worker] INFO org.springframework.test.context.support.AbstractContextLoader - Could not detect default resource locations for test class [com.example.goormthon.GoormthonApplicationTests]: no resource found for suffixes {-context.xml, Context.groovy}.
13:56:55.098 [Test worker] INFO org.springframework.test.context.support.AnnotationConfigContextLoaderUtils - Could not detect default configuration classes for test class [com.example.goormthon.GoormthonApplicationTests]: GoormthonApplicationTests does not declare any static, non-private, non-final, nested classes annotated with @Configuration.
13:56:55.154 [Test worker] DEBUG org.springframework.test.context.support.ActiveProfilesUtils - Could not find an 'annotation declaring class' for annotation type [org.springframework.test.context.ActiveProfiles] and class [com.example.goormthon.GoormthonApplicationTests]
13:56:55.224 [Test worker] DEBUG org.springframework.context.annotation.ClassPathScanningCandidateComponentProvider - Identified candidate component class: file [C:\Users\67974\IdeaProjects\goormthon\build\classes\java\main\com\example\goormthon\GoormthonApplication.class]
13:56:55.226 [Test worker] INFO org.springframework.boot.test.context.SpringBootTestContextBootstrapper - Found @SpringBootConfiguration com.example.goormthon.GoormthonApplication for test class com.example.goormthon.GoormthonApplicationTests
13:56:55.373 [Test worker] DEBUG org.springframework.boot.test.context.SpringBootTestContextBootstrapper - @TestExecutionListeners is not present for class [com.example.goormthon.GoormthonApplicationTests]: using defaults.
13:56:55.374 [Test worker] INFO org.springframework.boot.test.context.SpringBootTestContextBootstrapper - Loaded default TestExecutionListener class names from location [META-INF/spring.factories]: [org.springframework.security.test.context.support.WithSecurityContextTestExecutionListener, org.springframework.security.test.context.support.ReactorContextTestExecutionListener, org.springframework.boot.test.autoconfigure.restdocs.RestDocsTestExecutionListener, org.springframework.boot.test.autoconfigure.web.client.MockRestServiceServerResetTestExecutionListener, org.springframework.boot.test.autoconfigure.web.servlet.MockMvcPrintOnlyOnFailureTestExecutionListener, org.springframework.boot.test.autoconfigure.web.servlet.WebDriverTestExecutionListener, org.springframework.boot.test.autoconfigure.webservices.client.MockWebServiceServerTestExecutionListener, org.springframework.boot.test.mock.mockito.MockitoTestExecutionListener, org.springframework.boot.test.mock.mockito.ResetMocksTestExecutionListener, org.springframework.test.context.web.ServletTestExecutionListener, org.springframework.test.context.support.DirtiesContextBeforeModesTestExecutionListener, org.springframework.test.context.event.ApplicationEventsTestExecutionListener, org.springframework.test.context.support.DependencyInjectionTestExecutionListener, org.springframework.test.context.support.DirtiesContextTestExecutionListener, org.springframework.test.context.transaction.TransactionalTestExecutionListener, org.springframework.test.context.jdbc.SqlScriptsTestExecutionListener, org.springframework.test.context.event.EventPublishingTestExecutionListener]
13:56:55.396 [Test worker] INFO org.springframework.boot.test.context.SpringBootTestContextBootstrapper - Using TestExecutionListeners: [org.springframework.test.context.web.ServletTestExecutionListener@30457e14, org.springframework.test.context.support.DirtiesContextBeforeModesTestExecutionListener@1af1347d, org.springframework.test.context.event.ApplicationEventsTestExecutionListener@632aa1a3, org.springframework.boot.test.mock.mockito.MockitoTestExecutionListener@20765ed5, org.springframework.boot.test.autoconfigure.SpringBootDependencyInjectionTestExecutionListener@3b582111, org.springframework.test.context.support.DirtiesContextTestExecutionListener@2899a8db, org.springframework.test.context.transaction.TransactionalTestExecutionListener@1e8823d2, org.springframework.test.context.jdbc.SqlScriptsTestExecutionListener@c1a4620, org.springframework.security.test.context.support.WithSecurityContextTestExecutionListener@76b0ae1b, org.springframework.test.context.event.EventPublishingTestExecutionListener@130a0f66, org.springframework.security.test.context.support.ReactorContextTestExecutionListener@4c432866, org.springframework.boot.test.autoconfigure.restdocs.RestDocsTestExecutionListener@12365c88, org.springframework.boot.test.autoconfigure.web.client.MockRestServiceServerResetTestExecutionListener@6105f8a3, org.springframework.boot.test.autoconfigure.web.servlet.MockMvcPrintOnlyOnFailureTestExecutionListener@2237bada, org.springframework.boot.test.autoconfigure.web.servlet.WebDriverTestExecutionListener@77e2a6e2, org.springframework.boot.test.autoconfigure.webservices.client.MockWebServiceServerTestExecutionListener@5710768a, org.springframework.boot.test.mock.mockito.ResetMocksTestExecutionListener@199e4c2b]
13:56:55.401 [Test worker] DEBUG org.springframework.test.context.support.AbstractDirtiesContextTestExecutionListener - Before test class: context [DefaultTestContext@6c2d4cc6 testClass = GoormthonApplicationTests, testInstance = [null], testMethod = [null], testException = [null], mergedContextConfiguration = [WebMergedContextConfiguration@30865a90 testClass = GoormthonApplicationTests, locations = '{}', classes = '{class com.example.goormthon.GoormthonApplication}', contextInitializerClasses = '[]', activeProfiles = '{}', propertySourceLocations = '{}', propertySourceProperties = '{org.springframework.boot.test.context.SpringBootTestContextBootstrapper=true}', contextCustomizers = set[org.springframework.boot.test.autoconfigure.actuate.metrics.MetricsExportContextCustomizerFactory$DisableMetricExportContextCustomizer@4b672daa, org.springframework.boot.test.autoconfigure.properties.PropertyMappingContextCustomizer@0, org.springframework.boot.test.autoconfigure.web.servlet.WebDriverContextCustomizerFactory$Customizer@a4b2d8f, org.springframework.boot.test.context.filter.ExcludeFilterContextCustomizer@2fea7088, org.springframework.boot.test.json.DuplicateJsonObjectContextCustomizerFactory$DuplicateJsonObjectContextCustomizer@40f1be1b, org.springframework.boot.test.mock.mockito.MockitoContextCustomizer@0, org.springframework.boot.test.web.client.TestRestTemplateContextCustomizer@160ac7fb, org.springframework.boot.test.context.SpringBootTestArgs@1, org.springframework.boot.test.context.SpringBootTestWebEnvironment@f627d13], resourceBasePath = 'src/main/webapp', contextLoader = 'org.springframework.boot.test.context.SpringBootContextLoader', parent = [null]], attributes = map['org.springframework.test.context.web.ServletTestExecutionListener.activateListener' -> true]], class annotated with @DirtiesContext [false] with mode [null].

  .   ____          _            __ _ _
 /\\ / ___'_ __ _ _(_)_ __  __ _ \ \ \ \
( ( )\___ | '_ | '_| | '_ \/ _` | \ \ \ \
 \\/  ___)| |_)| | | | | || (_| |  ) ) ) )
  '  |____| .__|_| |_|_| |_\__, | / / / /
 =========|_|==============|___/=/_/_/_/
 :: Spring Boot ::               (v2.7.15)

2023-09-07 13:56:55.847  INFO 859148 --- [    Test worker] c.e.goormthon.GoormthonApplicationTests  : Starting GoormthonApplicationTests using Java 11.0.18 on LDH with PID 859148 (started by 67974 in C:\Users\67974\IdeaProjects\goormthon)
2023-09-07 13:56:55.850  INFO 859148 --- [    Test worker] c.e.goormthon.GoormthonApplicationTests  : The following 1 profile is active: "local"
2023-09-07 13:56:57.017  INFO 859148 --- [    Test worker] .s.d.r.c.RepositoryConfigurationDelegate : Bootstrapping Spring Data JPA repositories in DEFAULT mode.
2023-09-07 13:56:57.086  INFO 859148 --- [    Test worker] .s.d.r.c.RepositoryConfigurationDelegate : Finished Spring Data repository scanning in 59 ms. Found 1 JPA repository interfaces.
2023-09-07 13:56:58.010  INFO 859148 --- [    Test worker] o.hibernate.jpa.internal.util.LogHelper  : HHH000204: Processing PersistenceUnitInfo [name: default]
2023-09-07 13:56:58.086  INFO 859148 --- [    Test worker] org.hibernate.Version                    : HHH000412: Hibernate ORM core version 5.6.15.Final
2023-09-07 13:56:58.318  INFO 859148 --- [    Test worker] o.hibernate.annotations.common.Version   : HCANN000001: Hibernate Commons Annotations {5.1.2.Final}
2023-09-07 13:56:58.474  INFO 859148 --- [    Test worker] com.zaxxer.hikari.HikariDataSource       : HikariPool-1 - Starting...
2023-09-07 13:56:58.774  INFO 859148 --- [    Test worker] com.zaxxer.hikari.HikariDataSource       : HikariPool-1 - Start completed.
2023-09-07 13:56:58.815  INFO 859148 --- [    Test worker] org.hibernate.dialect.Dialect            : HHH000400: Using dialect: org.hibernate.dialect.H2Dialect
2023-09-07 13:56:58.871  INFO 859148 --- [    Test worker] o.h.e.boot.internal.EnversServiceImpl    : Envers integration enabled? : true
Hibernate: 
    
    drop table if exists members CASCADE 
Hibernate: 
    
    create table members (
       member_id bigint generated by default as identity,
        create_date timestamp,
        update_date timestamp,
        login_email NVARCHAR(30) NOT NULL,
        nickname NVARCHAR(30) NOT NULL,
        primary key (member_id)
    )
2023-09-07 13:56:59.741  INFO 859148 --- [    Test worker] o.h.e.t.j.p.i.JtaPlatformInitiator       : HHH000490: Using JtaPlatform implementation: [org.hibernate.engine.transaction.jta.platform.internal.NoJtaPlatform]
2023-09-07 13:56:59.753  INFO 859148 --- [    Test worker] j.LocalContainerEntityManagerFactoryBean : Initialized JPA EntityManagerFactory for persistence unit 'default'
2023-09-07 13:57:00.751  WARN 859148 --- [    Test worker] JpaBaseConfiguration$JpaWebConfiguration : spring.jpa.open-in-view is enabled by default. Therefore, database queries may be performed during view rendering. Explicitly configure spring.jpa.open-in-view to disable this warning
2023-09-07 13:57:00.886  INFO 859148 --- [    Test worker] o.s.b.a.h2.H2ConsoleAutoConfiguration    : H2 console available at '/h2-console'. Database available at 'jdbc:h2:~/groomthon'
2023-09-07 13:57:01.259  WARN 859148 --- [    Test worker] .s.s.UserDetailsServiceAutoConfiguration : 

Using generated security password: 5fd6efe9-2f06-408f-8f42-efdc28b283da

This generated password is for development use only. Your security configuration must be updated before running your application in production.

2023-09-07 13:57:01.475  INFO 859148 --- [    Test worker] o.s.s.web.DefaultSecurityFilterChain     : Will secure Ant [pattern='/oauth/login/kakao'] with [org.springframework.security.web.session.DisableEncodeUrlFilter@578483bd, org.springframework.security.web.context.request.async.WebAsyncManagerIntegrationFilter@38447073, org.springframework.security.web.context.SecurityContextPersistenceFilter@1a16583d, org.springframework.security.web.header.HeaderWriterFilter@6259d7a0, org.springframework.web.filter.CorsFilter@56f4f385, org.springframework.security.web.authentication.logout.LogoutFilter@59f36439, org.springframework.security.web.savedrequest.RequestCacheAwareFilter@71c2cb26, org.springframework.security.web.servletapi.SecurityContextHolderAwareRequestFilter@75128cf, org.springframework.security.web.authentication.AnonymousAuthenticationFilter@6b9b9cb9, org.springframework.security.web.session.SessionManagementFilter@125ed27, org.springframework.security.web.access.ExceptionTranslationFilter@54b313d6]
2023-09-07 13:57:02.736  INFO 859148 --- [    Test worker] c.e.goormthon.GoormthonApplicationTests  : Started GoormthonApplicationTests in 7.289 seconds (JVM running for 9.452)
]]></system-out>
  <system-err><![CDATA[]]></system-err>
</testsuite>
